<?xml version="1.0" encoding="UTF-8"?>
<testng-results ignored="0" total="2" passed="2" failed="0" skipped="0">
  <reporter-output>
  </reporter-output>
  <suite started-at="2025-07-15T09:16:47 IST" name="Master Suite" finished-at="2025-07-15T09:16:59 IST" duration-ms="12191">
    <groups>
      <group name="Master">
        <method signature="tc001_AccountRegistrationTest.verify_account_registration()[pri:0, instance:testCases.tc001_AccountRegistrationTest@45905bff]" name="verify_account_registration" class="testCases.tc001_AccountRegistrationTest"/>
        <method signature="tc002_LoginTest.verify_login()[pri:0, instance:testCases.tc002_LoginTest@3543df7d]" name="verify_login" class="testCases.tc002_LoginTest"/>
      </group> <!-- Master -->
      <group name="Sanity">
        <method signature="tc002_LoginTest.verify_login()[pri:0, instance:testCases.tc002_LoginTest@3543df7d]" name="verify_login" class="testCases.tc002_LoginTest"/>
      </group> <!-- Sanity -->
      <group name="Regression">
        <method signature="tc001_AccountRegistrationTest.verify_account_registration()[pri:0, instance:testCases.tc001_AccountRegistrationTest@45905bff]" name="verify_account_registration" class="testCases.tc001_AccountRegistrationTest"/>
      </group> <!-- Regression -->
    </groups>
    <test started-at="2025-07-15T09:16:47 IST" name="Test" finished-at="2025-07-15T09:16:59 IST" duration-ms="12191">
      <class name="testCases.tc001_AccountRegistrationTest">
        <test-method is-config="true" signature="setup(java.lang.String,java.lang.String)[pri:0, instance:testCases.tc001_AccountRegistrationTest@45905bff]" started-at="2025-07-15T09:16:47 IST" name="setup" finished-at="2025-07-15T09:16:51 IST" duration-ms="3458" status="PASS">
          <params>
            <param index="0">
              <value>
                <![CDATA[Windows]]>
              </value>
            </param>
            <param index="1">
              <value>
                <![CDATA[chrome]]>
              </value>
            </param>
          </params>
          <reporter-output>
          </reporter-output>
        </test-method> <!-- setup -->
        <test-method signature="verify_account_registration()[pri:0, instance:testCases.tc001_AccountRegistrationTest@45905bff]" started-at="2025-07-15T09:16:51 IST" name="verify_account_registration" finished-at="2025-07-15T09:16:54 IST" duration-ms="2846" status="PASS">
          <reporter-output>
          </reporter-output>
        </test-method> <!-- verify_account_registration -->
        <test-method is-config="true" signature="tearDown()[pri:0, instance:testCases.tc001_AccountRegistrationTest@45905bff]" started-at="2025-07-15T09:16:54 IST" name="tearDown" finished-at="2025-07-15T09:16:54 IST" duration-ms="349" status="PASS">
          <reporter-output>
          </reporter-output>
        </test-method> <!-- tearDown -->
      </class> <!-- testCases.tc001_AccountRegistrationTest -->
      <class name="testCases.tc002_LoginTest">
        <test-method is-config="true" signature="setup(java.lang.String,java.lang.String)[pri:0, instance:testCases.tc002_LoginTest@3543df7d]" started-at="2025-07-15T09:16:54 IST" name="setup" finished-at="2025-07-15T09:16:57 IST" duration-ms="2437" status="PASS">
          <params>
            <param index="0">
              <value>
                <![CDATA[Windows]]>
              </value>
            </param>
            <param index="1">
              <value>
                <![CDATA[chrome]]>
              </value>
            </param>
          </params>
          <reporter-output>
          </reporter-output>
        </test-method> <!-- setup -->
        <test-method signature="verify_login()[pri:0, instance:testCases.tc002_LoginTest@3543df7d]" started-at="2025-07-15T09:16:57 IST" name="verify_login" finished-at="2025-07-15T09:16:59 IST" duration-ms="2512" status="PASS">
          <reporter-output>
          </reporter-output>
        </test-method> <!-- verify_login -->
        <test-method is-config="true" signature="tearDown()[pri:0, instance:testCases.tc002_LoginTest@3543df7d]" started-at="2025-07-15T09:16:59 IST" name="tearDown" finished-at="2025-07-15T09:16:59 IST" duration-ms="229" status="PASS">
          <reporter-output>
          </reporter-output>
        </test-method> <!-- tearDown -->
      </class> <!-- testCases.tc002_LoginTest -->
    </test> <!-- Test -->
  </suite> <!-- Master Suite -->
</testng-results>
